ERROR 2555 [2017-08-14 15:02:07,161] [com.espertech.esper.Timer-default-1] com.espertech.esper.core.StatementResultServiceImpl  - Unexpected exception invoking listener update method on listener class 'QueryListener' : BadURIException : Only well-formed absolute URIrefs can be included in RDF/XML output: <A04> Code: 57/REQUIRED_COMPONENT_MISSING in SCHEME: A component that is required by the scheme is missing.
com.hp.hpl.jena.shared.BadURIException: Only well-formed absolute URIrefs can be included in RDF/XML output: <A04> Code: 57/REQUIRED_COMPONENT_MISSING in SCHEME: A component that is required by the scheme is missing.
	at com.hp.hpl.jena.rdfxml.xmloutput.impl.BaseXMLWriter.checkURI(BaseXMLWriter.java:835)
	at com.hp.hpl.jena.rdfxml.xmloutput.impl.BaseXMLWriter.relativize(BaseXMLWriter.java:812)
	at com.hp.hpl.jena.rdfxml.xmloutput.impl.Basic.writeResourceReference(Basic.java:156)
	at com.hp.hpl.jena.rdfxml.xmloutput.impl.Basic.writePredicate(Basic.java:109)
	at com.hp.hpl.jena.rdfxml.xmloutput.impl.Basic.writeRDFStatements(Basic.java:85)
	at com.hp.hpl.jena.rdfxml.xmloutput.impl.Basic.writeRDFStatements(Basic.java:74)
	at com.hp.hpl.jena.rdfxml.xmloutput.impl.Basic.writeBody(Basic.java:48)
	at com.hp.hpl.jena.rdfxml.xmloutput.impl.BaseXMLWriter.writeXMLBody(BaseXMLWriter.java:502)
	at com.hp.hpl.jena.rdfxml.xmloutput.impl.BaseXMLWriter.write(BaseXMLWriter.java:474)
	at com.hp.hpl.jena.rdfxml.xmloutput.impl.BaseXMLWriter.write(BaseXMLWriter.java:461)
	at com.hp.hpl.jena.rdf.model.impl.ModelCom.write(ModelCom.java:338)
	at eu.larkc.csparql.sparql.jena.JenaEngine.evaluateQuery(JenaEngine.java:337)
	at eu.larkc.csparql.core.engine.CsparqlEngineImpl.update(CsparqlEngineImpl.java:638)
	at java.util.Observable.notifyObservers(Observable.java:159)
	at eu.larkc.csparql.cep.esper.QueryListener.update(QueryListener.java:71)
	at com.espertech.esper.core.StatementResultServiceImpl.dispatchInternal(StatementResultServiceImpl.java:359)
	at com.espertech.esper.core.StatementResultServiceImpl.processDispatch(StatementResultServiceImpl.java:243)
	at com.espertech.esper.core.StatementResultServiceImpl.execute(StatementResultServiceImpl.java:229)
	at com.espertech.esper.core.UpdateDispatchViewBase.execute(UpdateDispatchViewBase.java:75)
	at com.espertech.esper.core.UpdateDispatchFutureSpin.execute(UpdateDispatchFutureSpin.java:85)
	at com.espertech.esper.dispatch.DispatchServiceImpl.dispatchFromQueue(DispatchServiceImpl.java:57)
	at com.espertech.esper.dispatch.DispatchServiceImpl.dispatch(DispatchServiceImpl.java:31)
	at com.espertech.esper.core.EPRuntimeImpl.dispatch(EPRuntimeImpl.java:1076)
	at com.espertech.esper.core.EPRuntimeImpl.processTimeEvent(EPRuntimeImpl.java:476)
	at com.espertech.esper.core.EPRuntimeImpl.processEvent(EPRuntimeImpl.java:376)
	at com.espertech.esper.core.EPRuntimeImpl.sendEvent(EPRuntimeImpl.java:211)
	at com.espertech.esper.core.EPRuntimeImpl.timerCallback(EPRuntimeImpl.java:185)
	at com.espertech.esper.timer.EPLTimerTask.run(EPLTimerTask.java:61)
	at java.util.concurrent.Executors$RunnableAdapter.call(Executors.java:511)
	at java.util.concurrent.FutureTask.runAndReset(FutureTask.java:308)
	at java.util.concurrent.ScheduledThreadPoolExecutor$ScheduledFutureTask.access$301(ScheduledThreadPoolExecutor.java:180)
	at java.util.concurrent.ScheduledThreadPoolExecutor$ScheduledFutureTask.run(ScheduledThreadPoolExecutor.java:294)
	at java.util.concurrent.ThreadPoolExecutor.runWorker(ThreadPoolExecutor.java:1142)
	at java.util.concurrent.ThreadPoolExecutor$Worker.run(ThreadPoolExecutor.java:617)
	at java.lang.Thread.run(Thread.java:745)
ERROR 102264 [2017-08-14 15:13:43,297] [com.espertech.esper.Timer-default-1] com.espertech.esper.core.StatementResultServiceImpl  - Unexpected exception invoking listener update method on listener class 'QueryListener' : BadURIException : Only well-formed absolute URIrefs can be included in RDF/XML output: <A04> Code: 57/REQUIRED_COMPONENT_MISSING in SCHEME: A component that is required by the scheme is missing.
com.hp.hpl.jena.shared.BadURIException: Only well-formed absolute URIrefs can be included in RDF/XML output: <A04> Code: 57/REQUIRED_COMPONENT_MISSING in SCHEME: A component that is required by the scheme is missing.
	at com.hp.hpl.jena.rdfxml.xmloutput.impl.BaseXMLWriter.checkURI(BaseXMLWriter.java:835)
	at com.hp.hpl.jena.rdfxml.xmloutput.impl.BaseXMLWriter.relativize(BaseXMLWriter.java:812)
	at com.hp.hpl.jena.rdfxml.xmloutput.impl.Basic.writeResourceReference(Basic.java:156)
	at com.hp.hpl.jena.rdfxml.xmloutput.impl.Basic.writePredicate(Basic.java:109)
	at com.hp.hpl.jena.rdfxml.xmloutput.impl.Basic.writeRDFStatements(Basic.java:85)
	at com.hp.hpl.jena.rdfxml.xmloutput.impl.Basic.writeRDFStatements(Basic.java:74)
	at com.hp.hpl.jena.rdfxml.xmloutput.impl.Basic.writeBody(Basic.java:48)
	at com.hp.hpl.jena.rdfxml.xmloutput.impl.BaseXMLWriter.writeXMLBody(BaseXMLWriter.java:502)
	at com.hp.hpl.jena.rdfxml.xmloutput.impl.BaseXMLWriter.write(BaseXMLWriter.java:474)
	at com.hp.hpl.jena.rdfxml.xmloutput.impl.BaseXMLWriter.write(BaseXMLWriter.java:461)
	at com.hp.hpl.jena.rdf.model.impl.ModelCom.write(ModelCom.java:338)
	at eu.larkc.csparql.sparql.jena.JenaEngine.evaluateQuery(JenaEngine.java:337)
	at eu.larkc.csparql.core.engine.CsparqlEngineImpl.update(CsparqlEngineImpl.java:638)
	at java.util.Observable.notifyObservers(Observable.java:159)
	at eu.larkc.csparql.cep.esper.QueryListener.update(QueryListener.java:71)
	at com.espertech.esper.core.StatementResultServiceImpl.dispatchInternal(StatementResultServiceImpl.java:359)
	at com.espertech.esper.core.StatementResultServiceImpl.processDispatch(StatementResultServiceImpl.java:243)
	at com.espertech.esper.core.StatementResultServiceImpl.execute(StatementResultServiceImpl.java:229)
	at com.espertech.esper.core.UpdateDispatchViewBase.execute(UpdateDispatchViewBase.java:75)
	at com.espertech.esper.core.UpdateDispatchFutureSpin.execute(UpdateDispatchFutureSpin.java:85)
	at com.espertech.esper.dispatch.DispatchServiceImpl.dispatchFromQueue(DispatchServiceImpl.java:57)
	at com.espertech.esper.dispatch.DispatchServiceImpl.dispatch(DispatchServiceImpl.java:31)
	at com.espertech.esper.core.EPRuntimeImpl.dispatch(EPRuntimeImpl.java:1076)
	at com.espertech.esper.core.EPRuntimeImpl.processTimeEvent(EPRuntimeImpl.java:476)
	at com.espertech.esper.core.EPRuntimeImpl.processEvent(EPRuntimeImpl.java:376)
	at com.espertech.esper.core.EPRuntimeImpl.sendEvent(EPRuntimeImpl.java:211)
	at com.espertech.esper.core.EPRuntimeImpl.timerCallback(EPRuntimeImpl.java:185)
	at com.espertech.esper.timer.EPLTimerTask.run(EPLTimerTask.java:61)
	at java.util.concurrent.Executors$RunnableAdapter.call(Executors.java:511)
	at java.util.concurrent.FutureTask.runAndReset(FutureTask.java:308)
	at java.util.concurrent.ScheduledThreadPoolExecutor$ScheduledFutureTask.access$301(ScheduledThreadPoolExecutor.java:180)
	at java.util.concurrent.ScheduledThreadPoolExecutor$ScheduledFutureTask.run(ScheduledThreadPoolExecutor.java:294)
	at java.util.concurrent.ThreadPoolExecutor.runWorker(ThreadPoolExecutor.java:1142)
	at java.util.concurrent.ThreadPoolExecutor$Worker.run(ThreadPoolExecutor.java:617)
	at java.lang.Thread.run(Thread.java:745)
ERROR 102718 [2017-08-14 15:28:44,988] [com.espertech.esper.Timer-default-1] com.espertech.esper.core.StatementResultServiceImpl  - Unexpected exception invoking listener update method on listener class 'QueryListener' : BadURIException : Only well-formed absolute URIrefs can be included in RDF/XML output: <A04> Code: 57/REQUIRED_COMPONENT_MISSING in SCHEME: A component that is required by the scheme is missing.
com.hp.hpl.jena.shared.BadURIException: Only well-formed absolute URIrefs can be included in RDF/XML output: <A04> Code: 57/REQUIRED_COMPONENT_MISSING in SCHEME: A component that is required by the scheme is missing.
	at com.hp.hpl.jena.rdfxml.xmloutput.impl.BaseXMLWriter.checkURI(BaseXMLWriter.java:835)
	at com.hp.hpl.jena.rdfxml.xmloutput.impl.BaseXMLWriter.relativize(BaseXMLWriter.java:812)
	at com.hp.hpl.jena.rdfxml.xmloutput.impl.Basic.writeResourceReference(Basic.java:156)
	at com.hp.hpl.jena.rdfxml.xmloutput.impl.Basic.writePredicate(Basic.java:109)
	at com.hp.hpl.jena.rdfxml.xmloutput.impl.Basic.writeRDFStatements(Basic.java:85)
	at com.hp.hpl.jena.rdfxml.xmloutput.impl.Basic.writeRDFStatements(Basic.java:74)
	at com.hp.hpl.jena.rdfxml.xmloutput.impl.Basic.writeBody(Basic.java:48)
	at com.hp.hpl.jena.rdfxml.xmloutput.impl.BaseXMLWriter.writeXMLBody(BaseXMLWriter.java:502)
	at com.hp.hpl.jena.rdfxml.xmloutput.impl.BaseXMLWriter.write(BaseXMLWriter.java:474)
	at com.hp.hpl.jena.rdfxml.xmloutput.impl.BaseXMLWriter.write(BaseXMLWriter.java:461)
	at com.hp.hpl.jena.rdf.model.impl.ModelCom.write(ModelCom.java:338)
	at eu.larkc.csparql.sparql.jena.JenaEngine.evaluateQuery(JenaEngine.java:337)
	at eu.larkc.csparql.core.engine.CsparqlEngineImpl.update(CsparqlEngineImpl.java:638)
	at java.util.Observable.notifyObservers(Observable.java:159)
	at eu.larkc.csparql.cep.esper.QueryListener.update(QueryListener.java:71)
	at com.espertech.esper.core.StatementResultServiceImpl.dispatchInternal(StatementResultServiceImpl.java:359)
	at com.espertech.esper.core.StatementResultServiceImpl.processDispatch(StatementResultServiceImpl.java:243)
	at com.espertech.esper.core.StatementResultServiceImpl.execute(StatementResultServiceImpl.java:229)
	at com.espertech.esper.core.UpdateDispatchViewBase.execute(UpdateDispatchViewBase.java:75)
	at com.espertech.esper.core.UpdateDispatchFutureSpin.execute(UpdateDispatchFutureSpin.java:85)
	at com.espertech.esper.dispatch.DispatchServiceImpl.dispatchFromQueue(DispatchServiceImpl.java:57)
	at com.espertech.esper.dispatch.DispatchServiceImpl.dispatch(DispatchServiceImpl.java:31)
	at com.espertech.esper.core.EPRuntimeImpl.dispatch(EPRuntimeImpl.java:1076)
	at com.espertech.esper.core.EPRuntimeImpl.processTimeEvent(EPRuntimeImpl.java:476)
	at com.espertech.esper.core.EPRuntimeImpl.processEvent(EPRuntimeImpl.java:376)
	at com.espertech.esper.core.EPRuntimeImpl.sendEvent(EPRuntimeImpl.java:211)
	at com.espertech.esper.core.EPRuntimeImpl.timerCallback(EPRuntimeImpl.java:185)
	at com.espertech.esper.timer.EPLTimerTask.run(EPLTimerTask.java:61)
	at java.util.concurrent.Executors$RunnableAdapter.call(Executors.java:511)
	at java.util.concurrent.FutureTask.runAndReset(FutureTask.java:308)
	at java.util.concurrent.ScheduledThreadPoolExecutor$ScheduledFutureTask.access$301(ScheduledThreadPoolExecutor.java:180)
	at java.util.concurrent.ScheduledThreadPoolExecutor$ScheduledFutureTask.run(ScheduledThreadPoolExecutor.java:294)
	at java.util.concurrent.ThreadPoolExecutor.runWorker(ThreadPoolExecutor.java:1142)
	at java.util.concurrent.ThreadPoolExecutor$Worker.run(ThreadPoolExecutor.java:617)
	at java.lang.Thread.run(Thread.java:745)
ERROR 103341 [2017-08-14 15:41:41,653] [com.espertech.esper.Timer-default-1] com.espertech.esper.core.StatementResultServiceImpl  - Unexpected exception invoking listener update method on listener class 'QueryListener' : BadURIException : Only well-formed absolute URIrefs can be included in RDF/XML output: <A04> Code: 57/REQUIRED_COMPONENT_MISSING in SCHEME: A component that is required by the scheme is missing.
com.hp.hpl.jena.shared.BadURIException: Only well-formed absolute URIrefs can be included in RDF/XML output: <A04> Code: 57/REQUIRED_COMPONENT_MISSING in SCHEME: A component that is required by the scheme is missing.
	at com.hp.hpl.jena.rdfxml.xmloutput.impl.BaseXMLWriter.checkURI(BaseXMLWriter.java:835)
	at com.hp.hpl.jena.rdfxml.xmloutput.impl.BaseXMLWriter.relativize(BaseXMLWriter.java:812)
	at com.hp.hpl.jena.rdfxml.xmloutput.impl.Basic.writeResourceReference(Basic.java:156)
	at com.hp.hpl.jena.rdfxml.xmloutput.impl.Basic.writePredicate(Basic.java:109)
	at com.hp.hpl.jena.rdfxml.xmloutput.impl.Basic.writeRDFStatements(Basic.java:85)
	at com.hp.hpl.jena.rdfxml.xmloutput.impl.Basic.writeRDFStatements(Basic.java:74)
	at com.hp.hpl.jena.rdfxml.xmloutput.impl.Basic.writeBody(Basic.java:48)
	at com.hp.hpl.jena.rdfxml.xmloutput.impl.BaseXMLWriter.writeXMLBody(BaseXMLWriter.java:502)
	at com.hp.hpl.jena.rdfxml.xmloutput.impl.BaseXMLWriter.write(BaseXMLWriter.java:474)
	at com.hp.hpl.jena.rdfxml.xmloutput.impl.BaseXMLWriter.write(BaseXMLWriter.java:461)
	at com.hp.hpl.jena.rdf.model.impl.ModelCom.write(ModelCom.java:338)
	at eu.larkc.csparql.sparql.jena.JenaEngine.evaluateQuery(JenaEngine.java:337)
	at eu.larkc.csparql.core.engine.CsparqlEngineImpl.update(CsparqlEngineImpl.java:638)
	at java.util.Observable.notifyObservers(Observable.java:159)
	at eu.larkc.csparql.cep.esper.QueryListener.update(QueryListener.java:71)
	at com.espertech.esper.core.StatementResultServiceImpl.dispatchInternal(StatementResultServiceImpl.java:359)
	at com.espertech.esper.core.StatementResultServiceImpl.processDispatch(StatementResultServiceImpl.java:243)
	at com.espertech.esper.core.StatementResultServiceImpl.execute(StatementResultServiceImpl.java:229)
	at com.espertech.esper.core.UpdateDispatchViewBase.execute(UpdateDispatchViewBase.java:75)
	at com.espertech.esper.core.UpdateDispatchFutureSpin.execute(UpdateDispatchFutureSpin.java:85)
	at com.espertech.esper.dispatch.DispatchServiceImpl.dispatchFromQueue(DispatchServiceImpl.java:57)
	at com.espertech.esper.dispatch.DispatchServiceImpl.dispatch(DispatchServiceImpl.java:31)
	at com.espertech.esper.core.EPRuntimeImpl.dispatch(EPRuntimeImpl.java:1076)
	at com.espertech.esper.core.EPRuntimeImpl.processTimeEvent(EPRuntimeImpl.java:476)
	at com.espertech.esper.core.EPRuntimeImpl.processEvent(EPRuntimeImpl.java:376)
	at com.espertech.esper.core.EPRuntimeImpl.sendEvent(EPRuntimeImpl.java:211)
	at com.espertech.esper.core.EPRuntimeImpl.timerCallback(EPRuntimeImpl.java:185)
	at com.espertech.esper.timer.EPLTimerTask.run(EPLTimerTask.java:61)
	at java.util.concurrent.Executors$RunnableAdapter.call(Executors.java:511)
	at java.util.concurrent.FutureTask.runAndReset(FutureTask.java:308)
	at java.util.concurrent.ScheduledThreadPoolExecutor$ScheduledFutureTask.access$301(ScheduledThreadPoolExecutor.java:180)
	at java.util.concurrent.ScheduledThreadPoolExecutor$ScheduledFutureTask.run(ScheduledThreadPoolExecutor.java:294)
	at java.util.concurrent.ThreadPoolExecutor.runWorker(ThreadPoolExecutor.java:1142)
	at java.util.concurrent.ThreadPoolExecutor$Worker.run(ThreadPoolExecutor.java:617)
	at java.lang.Thread.run(Thread.java:745)
