ERROR 63456 [2017-09-13 17:54:47,036] [com.espertech.esper.Timer-default-1] com.espertech.esper.core.StatementResultServiceImpl  - Unexpected exception invoking listener update method on listener class 'FactorizationListenerJSON' : BadURIException : Only well-formed absolute URIrefs can be included in RDF/XML output: <A05> Code: 57/REQUIRED_COMPONENT_MISSING in SCHEME: A component that is required by the scheme is missing.
com.hp.hpl.jena.shared.BadURIException: Only well-formed absolute URIrefs can be included in RDF/XML output: <A05> Code: 57/REQUIRED_COMPONENT_MISSING in SCHEME: A component that is required by the scheme is missing.
	at com.hp.hpl.jena.rdfxml.xmloutput.impl.BaseXMLWriter.checkURI(BaseXMLWriter.java:835)
	at com.hp.hpl.jena.rdfxml.xmloutput.impl.BaseXMLWriter.relativize(BaseXMLWriter.java:812)
	at com.hp.hpl.jena.rdfxml.xmloutput.impl.Basic.writeResourceReference(Basic.java:156)
	at com.hp.hpl.jena.rdfxml.xmloutput.impl.Basic.writePredicate(Basic.java:109)
	at com.hp.hpl.jena.rdfxml.xmloutput.impl.Basic.writeRDFStatements(Basic.java:85)
	at com.hp.hpl.jena.rdfxml.xmloutput.impl.Basic.writeRDFStatements(Basic.java:74)
	at com.hp.hpl.jena.rdfxml.xmloutput.impl.Basic.writeBody(Basic.java:48)
	at com.hp.hpl.jena.rdfxml.xmloutput.impl.BaseXMLWriter.writeXMLBody(BaseXMLWriter.java:502)
	at com.hp.hpl.jena.rdfxml.xmloutput.impl.BaseXMLWriter.write(BaseXMLWriter.java:474)
	at com.hp.hpl.jena.rdfxml.xmloutput.impl.BaseXMLWriter.write(BaseXMLWriter.java:461)
	at com.hp.hpl.jena.rdf.model.impl.ModelCom.write(ModelCom.java:338)
	at eu.larkc.csparql.sparql.jena.JenaEngine.evaluateQuery(JenaEngine.java:349)
	at eu.larkc.csparql.core.engine.CsparqlEngineExtImpl.update(CsparqlEngineExtImpl.java:632)
	at java.util.Observable.notifyObservers(Observable.java:159)
	at eu.larkc.csparql.cep.esper.FactorizationListenerJSON.update(FactorizationListenerJSON.java:67)
	at com.espertech.esper.core.StatementResultServiceImpl.dispatchInternal(StatementResultServiceImpl.java:359)
	at com.espertech.esper.core.StatementResultServiceImpl.processDispatch(StatementResultServiceImpl.java:243)
	at com.espertech.esper.core.StatementResultServiceImpl.execute(StatementResultServiceImpl.java:229)
	at com.espertech.esper.core.UpdateDispatchViewBase.execute(UpdateDispatchViewBase.java:75)
	at com.espertech.esper.core.UpdateDispatchFutureSpin.execute(UpdateDispatchFutureSpin.java:85)
	at com.espertech.esper.dispatch.DispatchServiceImpl.dispatchFromQueue(DispatchServiceImpl.java:57)
	at com.espertech.esper.dispatch.DispatchServiceImpl.dispatch(DispatchServiceImpl.java:31)
	at com.espertech.esper.core.EPRuntimeImpl.dispatch(EPRuntimeImpl.java:1076)
	at com.espertech.esper.core.EPRuntimeImpl.processTimeEvent(EPRuntimeImpl.java:476)
	at com.espertech.esper.core.EPRuntimeImpl.processEvent(EPRuntimeImpl.java:376)
	at com.espertech.esper.core.EPRuntimeImpl.sendEvent(EPRuntimeImpl.java:211)
	at com.espertech.esper.core.EPRuntimeImpl.timerCallback(EPRuntimeImpl.java:185)
	at com.espertech.esper.timer.EPLTimerTask.run(EPLTimerTask.java:61)
	at java.util.concurrent.Executors$RunnableAdapter.call(Executors.java:511)
	at java.util.concurrent.FutureTask.runAndReset(FutureTask.java:308)
	at java.util.concurrent.ScheduledThreadPoolExecutor$ScheduledFutureTask.access$301(ScheduledThreadPoolExecutor.java:180)
	at java.util.concurrent.ScheduledThreadPoolExecutor$ScheduledFutureTask.run(ScheduledThreadPoolExecutor.java:294)
	at java.util.concurrent.ThreadPoolExecutor.runWorker(ThreadPoolExecutor.java:1142)
	at java.util.concurrent.ThreadPoolExecutor$Worker.run(ThreadPoolExecutor.java:617)
	at java.lang.Thread.run(Thread.java:745)
ERROR 122668 [2017-09-13 17:55:46,248] [com.espertech.esper.Timer-default-1] com.espertech.esper.core.StatementResultServiceImpl  - Unexpected exception invoking listener update method on listener class 'FactorizationListenerJSON' : BadURIException : Only well-formed absolute URIrefs can be included in RDF/XML output: <A05> Code: 57/REQUIRED_COMPONENT_MISSING in SCHEME: A component that is required by the scheme is missing.
com.hp.hpl.jena.shared.BadURIException: Only well-formed absolute URIrefs can be included in RDF/XML output: <A05> Code: 57/REQUIRED_COMPONENT_MISSING in SCHEME: A component that is required by the scheme is missing.
	at com.hp.hpl.jena.rdfxml.xmloutput.impl.BaseXMLWriter.checkURI(BaseXMLWriter.java:835)
	at com.hp.hpl.jena.rdfxml.xmloutput.impl.BaseXMLWriter.relativize(BaseXMLWriter.java:812)
	at com.hp.hpl.jena.rdfxml.xmloutput.impl.Basic.writeResourceReference(Basic.java:156)
	at com.hp.hpl.jena.rdfxml.xmloutput.impl.Basic.writePredicate(Basic.java:109)
	at com.hp.hpl.jena.rdfxml.xmloutput.impl.Basic.writeRDFStatements(Basic.java:85)
	at com.hp.hpl.jena.rdfxml.xmloutput.impl.Basic.writeRDFStatements(Basic.java:74)
	at com.hp.hpl.jena.rdfxml.xmloutput.impl.Basic.writeBody(Basic.java:48)
	at com.hp.hpl.jena.rdfxml.xmloutput.impl.BaseXMLWriter.writeXMLBody(BaseXMLWriter.java:502)
	at com.hp.hpl.jena.rdfxml.xmloutput.impl.BaseXMLWriter.write(BaseXMLWriter.java:474)
	at com.hp.hpl.jena.rdfxml.xmloutput.impl.BaseXMLWriter.write(BaseXMLWriter.java:461)
	at com.hp.hpl.jena.rdf.model.impl.ModelCom.write(ModelCom.java:338)
	at eu.larkc.csparql.sparql.jena.JenaEngine.evaluateQuery(JenaEngine.java:349)
	at eu.larkc.csparql.core.engine.CsparqlEngineExtImpl.update(CsparqlEngineExtImpl.java:632)
	at java.util.Observable.notifyObservers(Observable.java:159)
	at eu.larkc.csparql.cep.esper.FactorizationListenerJSON.update(FactorizationListenerJSON.java:67)
	at com.espertech.esper.core.StatementResultServiceImpl.dispatchInternal(StatementResultServiceImpl.java:359)
	at com.espertech.esper.core.StatementResultServiceImpl.processDispatch(StatementResultServiceImpl.java:243)
	at com.espertech.esper.core.StatementResultServiceImpl.execute(StatementResultServiceImpl.java:229)
	at com.espertech.esper.core.UpdateDispatchViewBase.execute(UpdateDispatchViewBase.java:75)
	at com.espertech.esper.core.UpdateDispatchFutureSpin.execute(UpdateDispatchFutureSpin.java:85)
	at com.espertech.esper.dispatch.DispatchServiceImpl.dispatchFromQueue(DispatchServiceImpl.java:57)
	at com.espertech.esper.dispatch.DispatchServiceImpl.dispatch(DispatchServiceImpl.java:31)
	at com.espertech.esper.core.EPRuntimeImpl.dispatch(EPRuntimeImpl.java:1076)
	at com.espertech.esper.core.EPRuntimeImpl.processTimeEvent(EPRuntimeImpl.java:476)
	at com.espertech.esper.core.EPRuntimeImpl.processEvent(EPRuntimeImpl.java:376)
	at com.espertech.esper.core.EPRuntimeImpl.sendEvent(EPRuntimeImpl.java:211)
	at com.espertech.esper.core.EPRuntimeImpl.timerCallback(EPRuntimeImpl.java:185)
	at com.espertech.esper.timer.EPLTimerTask.run(EPLTimerTask.java:61)
	at java.util.concurrent.Executors$RunnableAdapter.call(Executors.java:511)
	at java.util.concurrent.FutureTask.runAndReset(FutureTask.java:308)
	at java.util.concurrent.ScheduledThreadPoolExecutor$ScheduledFutureTask.access$301(ScheduledThreadPoolExecutor.java:180)
	at java.util.concurrent.ScheduledThreadPoolExecutor$ScheduledFutureTask.run(ScheduledThreadPoolExecutor.java:294)
	at java.util.concurrent.ThreadPoolExecutor.runWorker(ThreadPoolExecutor.java:1142)
	at java.util.concurrent.ThreadPoolExecutor$Worker.run(ThreadPoolExecutor.java:617)
	at java.lang.Thread.run(Thread.java:745)
ERROR 182767 [2017-09-13 17:56:46,347] [com.espertech.esper.Timer-default-1] com.espertech.esper.core.StatementResultServiceImpl  - Unexpected exception invoking listener update method on listener class 'FactorizationListenerJSON' : BadURIException : Only well-formed absolute URIrefs can be included in RDF/XML output: <ABEI> Code: 57/REQUIRED_COMPONENT_MISSING in SCHEME: A component that is required by the scheme is missing.
com.hp.hpl.jena.shared.BadURIException: Only well-formed absolute URIrefs can be included in RDF/XML output: <ABEI> Code: 57/REQUIRED_COMPONENT_MISSING in SCHEME: A component that is required by the scheme is missing.
	at com.hp.hpl.jena.rdfxml.xmloutput.impl.BaseXMLWriter.checkURI(BaseXMLWriter.java:835)
	at com.hp.hpl.jena.rdfxml.xmloutput.impl.BaseXMLWriter.relativize(BaseXMLWriter.java:812)
	at com.hp.hpl.jena.rdfxml.xmloutput.impl.Basic.writeResourceReference(Basic.java:156)
	at com.hp.hpl.jena.rdfxml.xmloutput.impl.Basic.writePredicate(Basic.java:109)
	at com.hp.hpl.jena.rdfxml.xmloutput.impl.Basic.writeRDFStatements(Basic.java:85)
	at com.hp.hpl.jena.rdfxml.xmloutput.impl.Basic.writeRDFStatements(Basic.java:74)
	at com.hp.hpl.jena.rdfxml.xmloutput.impl.Basic.writeBody(Basic.java:48)
	at com.hp.hpl.jena.rdfxml.xmloutput.impl.BaseXMLWriter.writeXMLBody(BaseXMLWriter.java:502)
	at com.hp.hpl.jena.rdfxml.xmloutput.impl.BaseXMLWriter.write(BaseXMLWriter.java:474)
	at com.hp.hpl.jena.rdfxml.xmloutput.impl.BaseXMLWriter.write(BaseXMLWriter.java:461)
	at com.hp.hpl.jena.rdf.model.impl.ModelCom.write(ModelCom.java:338)
	at eu.larkc.csparql.sparql.jena.JenaEngine.evaluateQuery(JenaEngine.java:349)
	at eu.larkc.csparql.core.engine.CsparqlEngineExtImpl.update(CsparqlEngineExtImpl.java:632)
	at java.util.Observable.notifyObservers(Observable.java:159)
	at eu.larkc.csparql.cep.esper.FactorizationListenerJSON.update(FactorizationListenerJSON.java:67)
	at com.espertech.esper.core.StatementResultServiceImpl.dispatchInternal(StatementResultServiceImpl.java:359)
	at com.espertech.esper.core.StatementResultServiceImpl.processDispatch(StatementResultServiceImpl.java:243)
	at com.espertech.esper.core.StatementResultServiceImpl.execute(StatementResultServiceImpl.java:229)
	at com.espertech.esper.core.UpdateDispatchViewBase.execute(UpdateDispatchViewBase.java:75)
	at com.espertech.esper.core.UpdateDispatchFutureSpin.execute(UpdateDispatchFutureSpin.java:85)
	at com.espertech.esper.dispatch.DispatchServiceImpl.dispatchFromQueue(DispatchServiceImpl.java:57)
	at com.espertech.esper.dispatch.DispatchServiceImpl.dispatch(DispatchServiceImpl.java:31)
	at com.espertech.esper.core.EPRuntimeImpl.dispatch(EPRuntimeImpl.java:1076)
	at com.espertech.esper.core.EPRuntimeImpl.processTimeEvent(EPRuntimeImpl.java:476)
	at com.espertech.esper.core.EPRuntimeImpl.processEvent(EPRuntimeImpl.java:376)
	at com.espertech.esper.core.EPRuntimeImpl.sendEvent(EPRuntimeImpl.java:211)
	at com.espertech.esper.core.EPRuntimeImpl.timerCallback(EPRuntimeImpl.java:185)
	at com.espertech.esper.timer.EPLTimerTask.run(EPLTimerTask.java:61)
	at java.util.concurrent.Executors$RunnableAdapter.call(Executors.java:511)
	at java.util.concurrent.FutureTask.runAndReset(FutureTask.java:308)
	at java.util.concurrent.ScheduledThreadPoolExecutor$ScheduledFutureTask.access$301(ScheduledThreadPoolExecutor.java:180)
	at java.util.concurrent.ScheduledThreadPoolExecutor$ScheduledFutureTask.run(ScheduledThreadPoolExecutor.java:294)
	at java.util.concurrent.ThreadPoolExecutor.runWorker(ThreadPoolExecutor.java:1142)
	at java.util.concurrent.ThreadPoolExecutor$Worker.run(ThreadPoolExecutor.java:617)
	at java.lang.Thread.run(Thread.java:745)
ERROR 242509 [2017-09-13 17:57:46,089] [com.espertech.esper.Timer-default-1] com.espertech.esper.core.StatementResultServiceImpl  - Unexpected exception invoking listener update method on listener class 'FactorizationListenerJSON' : BadURIException : Only well-formed absolute URIrefs can be included in RDF/XML output: <ABE> Code: 57/REQUIRED_COMPONENT_MISSING in SCHEME: A component that is required by the scheme is missing.
com.hp.hpl.jena.shared.BadURIException: Only well-formed absolute URIrefs can be included in RDF/XML output: <ABE> Code: 57/REQUIRED_COMPONENT_MISSING in SCHEME: A component that is required by the scheme is missing.
	at com.hp.hpl.jena.rdfxml.xmloutput.impl.BaseXMLWriter.checkURI(BaseXMLWriter.java:835)
	at com.hp.hpl.jena.rdfxml.xmloutput.impl.BaseXMLWriter.relativize(BaseXMLWriter.java:812)
	at com.hp.hpl.jena.rdfxml.xmloutput.impl.Basic.writeResourceReference(Basic.java:156)
	at com.hp.hpl.jena.rdfxml.xmloutput.impl.Basic.writePredicate(Basic.java:109)
	at com.hp.hpl.jena.rdfxml.xmloutput.impl.Basic.writeRDFStatements(Basic.java:85)
	at com.hp.hpl.jena.rdfxml.xmloutput.impl.Basic.writeRDFStatements(Basic.java:74)
	at com.hp.hpl.jena.rdfxml.xmloutput.impl.Basic.writeBody(Basic.java:48)
	at com.hp.hpl.jena.rdfxml.xmloutput.impl.BaseXMLWriter.writeXMLBody(BaseXMLWriter.java:502)
	at com.hp.hpl.jena.rdfxml.xmloutput.impl.BaseXMLWriter.write(BaseXMLWriter.java:474)
	at com.hp.hpl.jena.rdfxml.xmloutput.impl.BaseXMLWriter.write(BaseXMLWriter.java:461)
	at com.hp.hpl.jena.rdf.model.impl.ModelCom.write(ModelCom.java:338)
	at eu.larkc.csparql.sparql.jena.JenaEngine.evaluateQuery(JenaEngine.java:349)
	at eu.larkc.csparql.core.engine.CsparqlEngineExtImpl.update(CsparqlEngineExtImpl.java:632)
	at java.util.Observable.notifyObservers(Observable.java:159)
	at eu.larkc.csparql.cep.esper.FactorizationListenerJSON.update(FactorizationListenerJSON.java:67)
	at com.espertech.esper.core.StatementResultServiceImpl.dispatchInternal(StatementResultServiceImpl.java:359)
	at com.espertech.esper.core.StatementResultServiceImpl.processDispatch(StatementResultServiceImpl.java:243)
	at com.espertech.esper.core.StatementResultServiceImpl.execute(StatementResultServiceImpl.java:229)
	at com.espertech.esper.core.UpdateDispatchViewBase.execute(UpdateDispatchViewBase.java:75)
	at com.espertech.esper.core.UpdateDispatchFutureSpin.execute(UpdateDispatchFutureSpin.java:85)
	at com.espertech.esper.dispatch.DispatchServiceImpl.dispatchFromQueue(DispatchServiceImpl.java:57)
	at com.espertech.esper.dispatch.DispatchServiceImpl.dispatch(DispatchServiceImpl.java:31)
	at com.espertech.esper.core.EPRuntimeImpl.dispatch(EPRuntimeImpl.java:1076)
	at com.espertech.esper.core.EPRuntimeImpl.processTimeEvent(EPRuntimeImpl.java:476)
	at com.espertech.esper.core.EPRuntimeImpl.processEvent(EPRuntimeImpl.java:376)
	at com.espertech.esper.core.EPRuntimeImpl.sendEvent(EPRuntimeImpl.java:211)
	at com.espertech.esper.core.EPRuntimeImpl.timerCallback(EPRuntimeImpl.java:185)
	at com.espertech.esper.timer.EPLTimerTask.run(EPLTimerTask.java:61)
	at java.util.concurrent.Executors$RunnableAdapter.call(Executors.java:511)
	at java.util.concurrent.FutureTask.runAndReset(FutureTask.java:308)
	at java.util.concurrent.ScheduledThreadPoolExecutor$ScheduledFutureTask.access$301(ScheduledThreadPoolExecutor.java:180)
	at java.util.concurrent.ScheduledThreadPoolExecutor$ScheduledFutureTask.run(ScheduledThreadPoolExecutor.java:294)
	at java.util.concurrent.ThreadPoolExecutor.runWorker(ThreadPoolExecutor.java:1142)
	at java.util.concurrent.ThreadPoolExecutor$Worker.run(ThreadPoolExecutor.java:617)
	at java.lang.Thread.run(Thread.java:745)
ERROR 64231 [2017-09-13 18:08:09,685] [com.espertech.esper.Timer-default-1] com.espertech.esper.core.StatementResultServiceImpl  - Unexpected exception invoking listener update method on listener class 'FactorizationListenerJSON' : BadURIException : Only well-formed absolute URIrefs can be included in RDF/XML output: <A05> Code: 57/REQUIRED_COMPONENT_MISSING in SCHEME: A component that is required by the scheme is missing.
com.hp.hpl.jena.shared.BadURIException: Only well-formed absolute URIrefs can be included in RDF/XML output: <A05> Code: 57/REQUIRED_COMPONENT_MISSING in SCHEME: A component that is required by the scheme is missing.
	at com.hp.hpl.jena.rdfxml.xmloutput.impl.BaseXMLWriter.checkURI(BaseXMLWriter.java:835)
	at com.hp.hpl.jena.rdfxml.xmloutput.impl.BaseXMLWriter.relativize(BaseXMLWriter.java:812)
	at com.hp.hpl.jena.rdfxml.xmloutput.impl.Basic.writeResourceReference(Basic.java:156)
	at com.hp.hpl.jena.rdfxml.xmloutput.impl.Basic.writePredicate(Basic.java:109)
	at com.hp.hpl.jena.rdfxml.xmloutput.impl.Basic.writeRDFStatements(Basic.java:85)
	at com.hp.hpl.jena.rdfxml.xmloutput.impl.Basic.writeRDFStatements(Basic.java:74)
	at com.hp.hpl.jena.rdfxml.xmloutput.impl.Basic.writeBody(Basic.java:48)
	at com.hp.hpl.jena.rdfxml.xmloutput.impl.BaseXMLWriter.writeXMLBody(BaseXMLWriter.java:502)
	at com.hp.hpl.jena.rdfxml.xmloutput.impl.BaseXMLWriter.write(BaseXMLWriter.java:474)
	at com.hp.hpl.jena.rdfxml.xmloutput.impl.BaseXMLWriter.write(BaseXMLWriter.java:461)
	at com.hp.hpl.jena.rdf.model.impl.ModelCom.write(ModelCom.java:338)
	at eu.larkc.csparql.sparql.jena.JenaEngine.evaluateQuery(JenaEngine.java:349)
	at eu.larkc.csparql.core.engine.CsparqlEngineExtImpl.update(CsparqlEngineExtImpl.java:632)
	at java.util.Observable.notifyObservers(Observable.java:159)
	at eu.larkc.csparql.cep.esper.FactorizationListenerJSON.update(FactorizationListenerJSON.java:67)
	at com.espertech.esper.core.StatementResultServiceImpl.dispatchInternal(StatementResultServiceImpl.java:359)
	at com.espertech.esper.core.StatementResultServiceImpl.processDispatch(StatementResultServiceImpl.java:243)
	at com.espertech.esper.core.StatementResultServiceImpl.execute(StatementResultServiceImpl.java:229)
	at com.espertech.esper.core.UpdateDispatchViewBase.execute(UpdateDispatchViewBase.java:75)
	at com.espertech.esper.core.UpdateDispatchFutureSpin.execute(UpdateDispatchFutureSpin.java:85)
	at com.espertech.esper.dispatch.DispatchServiceImpl.dispatchFromQueue(DispatchServiceImpl.java:57)
	at com.espertech.esper.dispatch.DispatchServiceImpl.dispatch(DispatchServiceImpl.java:31)
	at com.espertech.esper.core.EPRuntimeImpl.dispatch(EPRuntimeImpl.java:1076)
	at com.espertech.esper.core.EPRuntimeImpl.processTimeEvent(EPRuntimeImpl.java:476)
	at com.espertech.esper.core.EPRuntimeImpl.processEvent(EPRuntimeImpl.java:376)
	at com.espertech.esper.core.EPRuntimeImpl.sendEvent(EPRuntimeImpl.java:211)
	at com.espertech.esper.core.EPRuntimeImpl.timerCallback(EPRuntimeImpl.java:185)
	at com.espertech.esper.timer.EPLTimerTask.run(EPLTimerTask.java:61)
	at java.util.concurrent.Executors$RunnableAdapter.call(Executors.java:511)
	at java.util.concurrent.FutureTask.runAndReset(FutureTask.java:308)
	at java.util.concurrent.ScheduledThreadPoolExecutor$ScheduledFutureTask.access$301(ScheduledThreadPoolExecutor.java:180)
	at java.util.concurrent.ScheduledThreadPoolExecutor$ScheduledFutureTask.run(ScheduledThreadPoolExecutor.java:294)
	at java.util.concurrent.ThreadPoolExecutor.runWorker(ThreadPoolExecutor.java:1142)
	at java.util.concurrent.ThreadPoolExecutor$Worker.run(ThreadPoolExecutor.java:617)
	at java.lang.Thread.run(Thread.java:745)
ERROR 62809 [2017-09-13 18:16:32,041] [com.espertech.esper.Timer-default-1] com.espertech.esper.core.StatementResultServiceImpl  - Unexpected exception invoking listener update method on listener class 'FactorizationListenerJSON' : BadURIException : Only well-formed absolute URIrefs can be included in RDF/XML output: <A05> Code: 57/REQUIRED_COMPONENT_MISSING in SCHEME: A component that is required by the scheme is missing.
com.hp.hpl.jena.shared.BadURIException: Only well-formed absolute URIrefs can be included in RDF/XML output: <A05> Code: 57/REQUIRED_COMPONENT_MISSING in SCHEME: A component that is required by the scheme is missing.
	at com.hp.hpl.jena.rdfxml.xmloutput.impl.BaseXMLWriter.checkURI(BaseXMLWriter.java:835)
	at com.hp.hpl.jena.rdfxml.xmloutput.impl.BaseXMLWriter.relativize(BaseXMLWriter.java:812)
	at com.hp.hpl.jena.rdfxml.xmloutput.impl.Basic.writeResourceReference(Basic.java:156)
	at com.hp.hpl.jena.rdfxml.xmloutput.impl.Basic.writePredicate(Basic.java:109)
	at com.hp.hpl.jena.rdfxml.xmloutput.impl.Basic.writeRDFStatements(Basic.java:85)
	at com.hp.hpl.jena.rdfxml.xmloutput.impl.Basic.writeRDFStatements(Basic.java:74)
	at com.hp.hpl.jena.rdfxml.xmloutput.impl.Basic.writeBody(Basic.java:48)
	at com.hp.hpl.jena.rdfxml.xmloutput.impl.BaseXMLWriter.writeXMLBody(BaseXMLWriter.java:502)
	at com.hp.hpl.jena.rdfxml.xmloutput.impl.BaseXMLWriter.write(BaseXMLWriter.java:474)
	at com.hp.hpl.jena.rdfxml.xmloutput.impl.BaseXMLWriter.write(BaseXMLWriter.java:461)
	at com.hp.hpl.jena.rdf.model.impl.ModelCom.write(ModelCom.java:338)
	at eu.larkc.csparql.sparql.jena.JenaEngine.evaluateQuery(JenaEngine.java:349)
	at eu.larkc.csparql.core.engine.CsparqlEngineExtImpl.update(CsparqlEngineExtImpl.java:632)
	at java.util.Observable.notifyObservers(Observable.java:159)
	at eu.larkc.csparql.cep.esper.FactorizationListenerJSON.update(FactorizationListenerJSON.java:67)
	at com.espertech.esper.core.StatementResultServiceImpl.dispatchInternal(StatementResultServiceImpl.java:359)
	at com.espertech.esper.core.StatementResultServiceImpl.processDispatch(StatementResultServiceImpl.java:243)
	at com.espertech.esper.core.StatementResultServiceImpl.execute(StatementResultServiceImpl.java:229)
	at com.espertech.esper.core.UpdateDispatchViewBase.execute(UpdateDispatchViewBase.java:75)
	at com.espertech.esper.core.UpdateDispatchFutureSpin.execute(UpdateDispatchFutureSpin.java:85)
	at com.espertech.esper.dispatch.DispatchServiceImpl.dispatchFromQueue(DispatchServiceImpl.java:57)
	at com.espertech.esper.dispatch.DispatchServiceImpl.dispatch(DispatchServiceImpl.java:31)
	at com.espertech.esper.core.EPRuntimeImpl.dispatch(EPRuntimeImpl.java:1076)
	at com.espertech.esper.core.EPRuntimeImpl.processTimeEvent(EPRuntimeImpl.java:476)
	at com.espertech.esper.core.EPRuntimeImpl.processEvent(EPRuntimeImpl.java:376)
	at com.espertech.esper.core.EPRuntimeImpl.sendEvent(EPRuntimeImpl.java:211)
	at com.espertech.esper.core.EPRuntimeImpl.timerCallback(EPRuntimeImpl.java:185)
	at com.espertech.esper.timer.EPLTimerTask.run(EPLTimerTask.java:61)
	at java.util.concurrent.Executors$RunnableAdapter.call(Executors.java:511)
	at java.util.concurrent.FutureTask.runAndReset(FutureTask.java:308)
	at java.util.concurrent.ScheduledThreadPoolExecutor$ScheduledFutureTask.access$301(ScheduledThreadPoolExecutor.java:180)
	at java.util.concurrent.ScheduledThreadPoolExecutor$ScheduledFutureTask.run(ScheduledThreadPoolExecutor.java:294)
	at java.util.concurrent.ThreadPoolExecutor.runWorker(ThreadPoolExecutor.java:1142)
	at java.util.concurrent.ThreadPoolExecutor$Worker.run(ThreadPoolExecutor.java:617)
	at java.lang.Thread.run(Thread.java:745)
ERROR 122229 [2017-09-13 18:17:31,461] [com.espertech.esper.Timer-default-1] com.espertech.esper.core.StatementResultServiceImpl  - Unexpected exception invoking listener update method on listener class 'FactorizationListenerJSON' : BadURIException : Only well-formed absolute URIrefs can be included in RDF/XML output: <ABEI> Code: 57/REQUIRED_COMPONENT_MISSING in SCHEME: A component that is required by the scheme is missing.
com.hp.hpl.jena.shared.BadURIException: Only well-formed absolute URIrefs can be included in RDF/XML output: <ABEI> Code: 57/REQUIRED_COMPONENT_MISSING in SCHEME: A component that is required by the scheme is missing.
	at com.hp.hpl.jena.rdfxml.xmloutput.impl.BaseXMLWriter.checkURI(BaseXMLWriter.java:835)
	at com.hp.hpl.jena.rdfxml.xmloutput.impl.BaseXMLWriter.relativize(BaseXMLWriter.java:812)
	at com.hp.hpl.jena.rdfxml.xmloutput.impl.Basic.writeResourceReference(Basic.java:156)
	at com.hp.hpl.jena.rdfxml.xmloutput.impl.Basic.writePredicate(Basic.java:109)
	at com.hp.hpl.jena.rdfxml.xmloutput.impl.Basic.writeRDFStatements(Basic.java:85)
	at com.hp.hpl.jena.rdfxml.xmloutput.impl.Basic.writeRDFStatements(Basic.java:74)
	at com.hp.hpl.jena.rdfxml.xmloutput.impl.Basic.writeBody(Basic.java:48)
	at com.hp.hpl.jena.rdfxml.xmloutput.impl.BaseXMLWriter.writeXMLBody(BaseXMLWriter.java:502)
	at com.hp.hpl.jena.rdfxml.xmloutput.impl.BaseXMLWriter.write(BaseXMLWriter.java:474)
	at com.hp.hpl.jena.rdfxml.xmloutput.impl.BaseXMLWriter.write(BaseXMLWriter.java:461)
	at com.hp.hpl.jena.rdf.model.impl.ModelCom.write(ModelCom.java:338)
	at eu.larkc.csparql.sparql.jena.JenaEngine.evaluateQuery(JenaEngine.java:349)
	at eu.larkc.csparql.core.engine.CsparqlEngineExtImpl.update(CsparqlEngineExtImpl.java:632)
	at java.util.Observable.notifyObservers(Observable.java:159)
	at eu.larkc.csparql.cep.esper.FactorizationListenerJSON.update(FactorizationListenerJSON.java:67)
	at com.espertech.esper.core.StatementResultServiceImpl.dispatchInternal(StatementResultServiceImpl.java:359)
	at com.espertech.esper.core.StatementResultServiceImpl.processDispatch(StatementResultServiceImpl.java:243)
	at com.espertech.esper.core.StatementResultServiceImpl.execute(StatementResultServiceImpl.java:229)
	at com.espertech.esper.core.UpdateDispatchViewBase.execute(UpdateDispatchViewBase.java:75)
	at com.espertech.esper.core.UpdateDispatchFutureSpin.execute(UpdateDispatchFutureSpin.java:85)
	at com.espertech.esper.dispatch.DispatchServiceImpl.dispatchFromQueue(DispatchServiceImpl.java:57)
	at com.espertech.esper.dispatch.DispatchServiceImpl.dispatch(DispatchServiceImpl.java:31)
	at com.espertech.esper.core.EPRuntimeImpl.dispatch(EPRuntimeImpl.java:1076)
	at com.espertech.esper.core.EPRuntimeImpl.processTimeEvent(EPRuntimeImpl.java:476)
	at com.espertech.esper.core.EPRuntimeImpl.processEvent(EPRuntimeImpl.java:376)
	at com.espertech.esper.core.EPRuntimeImpl.sendEvent(EPRuntimeImpl.java:211)
	at com.espertech.esper.core.EPRuntimeImpl.timerCallback(EPRuntimeImpl.java:185)
	at com.espertech.esper.timer.EPLTimerTask.run(EPLTimerTask.java:61)
	at java.util.concurrent.Executors$RunnableAdapter.call(Executors.java:511)
	at java.util.concurrent.FutureTask.runAndReset(FutureTask.java:308)
	at java.util.concurrent.ScheduledThreadPoolExecutor$ScheduledFutureTask.access$301(ScheduledThreadPoolExecutor.java:180)
	at java.util.concurrent.ScheduledThreadPoolExecutor$ScheduledFutureTask.run(ScheduledThreadPoolExecutor.java:294)
	at java.util.concurrent.ThreadPoolExecutor.runWorker(ThreadPoolExecutor.java:1142)
	at java.util.concurrent.ThreadPoolExecutor$Worker.run(ThreadPoolExecutor.java:617)
	at java.lang.Thread.run(Thread.java:745)
ERROR 4300 [2017-09-19 16:04:42,816] [Grizzly(1)] com.espertech.esper.core.StatementResultServiceImpl  - Unexpected exception invoking listener update method on listener class 'FactorizationListenerJSON' : EmptyFileException : The supplied file was empty (zero bytes long)
org.apache.poi.EmptyFileException: The supplied file was empty (zero bytes long)
	at org.apache.poi.util.IOUtils.peekFirst8Bytes(IOUtils.java:55)
	at org.apache.poi.ss.usermodel.WorkbookFactory.create(WorkbookFactory.java:173)
	at org.apache.poi.ss.usermodel.WorkbookFactory.create(WorkbookFactory.java:140)
	at eu.larkc.csparql.sparql.jena.JenaEngine.updateExcelJena(JenaEngine.java:673)
	at eu.larkc.csparql.sparql.jena.JenaEngine.evaluateQuery(JenaEngine.java:398)
	at eu.larkc.csparql.core.engine.CsparqlEngineExtImpl.update(CsparqlEngineExtImpl.java:632)
	at java.util.Observable.notifyObservers(Observable.java:159)
	at eu.larkc.csparql.cep.esper.FactorizationListenerJSON.update(FactorizationListenerJSON.java:67)
	at com.espertech.esper.core.StatementResultServiceImpl.dispatchInternal(StatementResultServiceImpl.java:359)
	at com.espertech.esper.core.StatementResultServiceImpl.processDispatch(StatementResultServiceImpl.java:243)
	at com.espertech.esper.core.StatementResultServiceImpl.execute(StatementResultServiceImpl.java:229)
	at com.espertech.esper.core.UpdateDispatchViewBase.execute(UpdateDispatchViewBase.java:75)
	at com.espertech.esper.core.UpdateDispatchFutureSpin.execute(UpdateDispatchFutureSpin.java:85)
	at com.espertech.esper.dispatch.DispatchServiceImpl.dispatchFromQueue(DispatchServiceImpl.java:57)
	at com.espertech.esper.dispatch.DispatchServiceImpl.dispatch(DispatchServiceImpl.java:31)
	at com.espertech.esper.core.EPRuntimeImpl.dispatch(EPRuntimeImpl.java:1076)
	at com.espertech.esper.core.EPRuntimeImpl.processTimeEvent(EPRuntimeImpl.java:476)
	at com.espertech.esper.core.EPRuntimeImpl.processEvent(EPRuntimeImpl.java:376)
	at com.espertech.esper.core.EPRuntimeImpl.sendEvent(EPRuntimeImpl.java:211)
	at eu.larkc.csparql.cep.esper.EsperEngineForJSON.setCurrentTimeAndSentEvent(EsperEngineForJSON.java:398)
	at eu.larkc.csparql.cep.esper.EsperEngineForJSON.update(EsperEngineForJSON.java:289)
	at java.util.Observable.notifyObservers(Observable.java:159)
	at eu.larkc.csparql.cep.api.JSONStream.put(JSONStream.java:32)
	at windowBasedFactorization.DataStreamGenerator$1.handleMessage(DataStreamGenerator.java:50)
	at windowBasedFactorization.WebsocketClientReceivingNRData.onMessage(WebsocketClientReceivingNRData.java:65)
	at sun.reflect.GeneratedMethodAccessor1.invoke(Unknown Source)
	at sun.reflect.DelegatingMethodAccessorImpl.invoke(DelegatingMethodAccessorImpl.java:43)
	at java.lang.reflect.Method.invoke(Method.java:497)
	at org.glassfish.tyrus.core.AnnotatedEndpoint.callMethod(AnnotatedEndpoint.java:520)
	at org.glassfish.tyrus.core.AnnotatedEndpoint.access$100(AnnotatedEndpoint.java:87)
	at org.glassfish.tyrus.core.AnnotatedEndpoint$WholeHandler$1.onMessage(AnnotatedEndpoint.java:619)
	at org.glassfish.tyrus.core.TyrusSession.notifyMessageHandlers(TyrusSession.java:576)
	at org.glassfish.tyrus.core.TyrusEndpointWrapper.onMessage(TyrusEndpointWrapper.java:871)
	at org.glassfish.tyrus.core.TyrusWebSocket.onMessage(TyrusWebSocket.java:212)
	at org.glassfish.tyrus.core.frame.TextFrame.respond(TextFrame.java:139)
	at org.glassfish.tyrus.core.ProtocolHandler.process(ProtocolHandler.java:807)
	at org.glassfish.tyrus.client.TyrusClientEngine$TyrusReadHandler.handle(TyrusClientEngine.java:747)
	at org.glassfish.tyrus.container.grizzly.client.GrizzlyClientFilter$ProcessTask.execute(GrizzlyClientFilter.java:476)
	at org.glassfish.tyrus.container.grizzly.client.TaskProcessor.processTask(TaskProcessor.java:114)
	at org.glassfish.tyrus.container.grizzly.client.TaskProcessor.processTask(TaskProcessor.java:91)
	at org.glassfish.tyrus.container.grizzly.client.GrizzlyClientFilter.handleRead(GrizzlyClientFilter.java:272)
	at org.glassfish.grizzly.filterchain.ExecutorResolver$9.execute(ExecutorResolver.java:119)
	at org.glassfish.grizzly.filterchain.DefaultFilterChain.executeFilter(DefaultFilterChain.java:283)
	at org.glassfish.grizzly.filterchain.DefaultFilterChain.executeChainPart(DefaultFilterChain.java:200)
	at org.glassfish.grizzly.filterchain.DefaultFilterChain.execute(DefaultFilterChain.java:132)
	at org.glassfish.grizzly.filterchain.DefaultFilterChain.process(DefaultFilterChain.java:111)
	at org.glassfish.grizzly.ProcessorExecutor.execute(ProcessorExecutor.java:77)
	at org.glassfish.grizzly.nio.transport.TCPNIOTransport.fireIOEvent(TCPNIOTransport.java:536)
	at org.glassfish.grizzly.strategies.AbstractIOStrategy.fireIOEvent(AbstractIOStrategy.java:112)
	at org.glassfish.grizzly.strategies.WorkerThreadIOStrategy.run0(WorkerThreadIOStrategy.java:117)
	at org.glassfish.grizzly.strategies.WorkerThreadIOStrategy.access$100(WorkerThreadIOStrategy.java:56)
	at org.glassfish.grizzly.strategies.WorkerThreadIOStrategy$WorkerThreadRunnable.run(WorkerThreadIOStrategy.java:137)
	at org.glassfish.grizzly.threadpool.AbstractThreadPool$Worker.doWork(AbstractThreadPool.java:591)
	at org.glassfish.grizzly.threadpool.AbstractThreadPool$Worker.run(AbstractThreadPool.java:571)
	at java.lang.Thread.run(Thread.java:745)
ERROR 4394 [2017-09-19 16:04:42,910] [Grizzly(1)] com.espertech.esper.core.StatementResultServiceImpl  - Unexpected exception invoking listener update method on listener class 'FactorizationListenerJSON' : EmptyFileException : The supplied file was empty (zero bytes long)
org.apache.poi.EmptyFileException: The supplied file was empty (zero bytes long)
	at org.apache.poi.util.IOUtils.peekFirst8Bytes(IOUtils.java:55)
	at org.apache.poi.ss.usermodel.WorkbookFactory.create(WorkbookFactory.java:173)
	at org.apache.poi.ss.usermodel.WorkbookFactory.create(WorkbookFactory.java:140)
	at eu.larkc.csparql.sparql.jena.JenaEngine.updateExcelJena(JenaEngine.java:673)
	at eu.larkc.csparql.sparql.jena.JenaEngine.evaluateQuery(JenaEngine.java:398)
	at eu.larkc.csparql.core.engine.CsparqlEngineExtImpl.update(CsparqlEngineExtImpl.java:632)
	at java.util.Observable.notifyObservers(Observable.java:159)
	at eu.larkc.csparql.cep.esper.FactorizationListenerJSON.update(FactorizationListenerJSON.java:67)
	at com.espertech.esper.core.StatementResultServiceImpl.dispatchInternal(StatementResultServiceImpl.java:359)
	at com.espertech.esper.core.StatementResultServiceImpl.processDispatch(StatementResultServiceImpl.java:243)
	at com.espertech.esper.core.StatementResultServiceImpl.execute(StatementResultServiceImpl.java:229)
	at com.espertech.esper.core.UpdateDispatchViewBase.execute(UpdateDispatchViewBase.java:75)
	at com.espertech.esper.core.UpdateDispatchFutureSpin.execute(UpdateDispatchFutureSpin.java:85)
	at com.espertech.esper.dispatch.DispatchServiceImpl.dispatchFromQueue(DispatchServiceImpl.java:57)
	at com.espertech.esper.dispatch.DispatchServiceImpl.dispatch(DispatchServiceImpl.java:31)
	at com.espertech.esper.core.EPRuntimeImpl.dispatch(EPRuntimeImpl.java:1076)
	at com.espertech.esper.core.EPRuntimeImpl.processTimeEvent(EPRuntimeImpl.java:476)
	at com.espertech.esper.core.EPRuntimeImpl.processEvent(EPRuntimeImpl.java:376)
	at com.espertech.esper.core.EPRuntimeImpl.sendEvent(EPRuntimeImpl.java:211)
	at eu.larkc.csparql.cep.esper.EsperEngineForJSON.setCurrentTimeAndSentEvent(EsperEngineForJSON.java:411)
	at eu.larkc.csparql.cep.esper.EsperEngineForJSON.update(EsperEngineForJSON.java:289)
	at java.util.Observable.notifyObservers(Observable.java:159)
	at eu.larkc.csparql.cep.api.JSONStream.put(JSONStream.java:32)
	at windowBasedFactorization.DataStreamGenerator$1.handleMessage(DataStreamGenerator.java:50)
	at windowBasedFactorization.WebsocketClientReceivingNRData.onMessage(WebsocketClientReceivingNRData.java:65)
	at sun.reflect.GeneratedMethodAccessor1.invoke(Unknown Source)
	at sun.reflect.DelegatingMethodAccessorImpl.invoke(DelegatingMethodAccessorImpl.java:43)
	at java.lang.reflect.Method.invoke(Method.java:497)
	at org.glassfish.tyrus.core.AnnotatedEndpoint.callMethod(AnnotatedEndpoint.java:520)
	at org.glassfish.tyrus.core.AnnotatedEndpoint.access$100(AnnotatedEndpoint.java:87)
	at org.glassfish.tyrus.core.AnnotatedEndpoint$WholeHandler$1.onMessage(AnnotatedEndpoint.java:619)
	at org.glassfish.tyrus.core.TyrusSession.notifyMessageHandlers(TyrusSession.java:576)
	at org.glassfish.tyrus.core.TyrusEndpointWrapper.onMessage(TyrusEndpointWrapper.java:871)
	at org.glassfish.tyrus.core.TyrusWebSocket.onMessage(TyrusWebSocket.java:212)
	at org.glassfish.tyrus.core.frame.TextFrame.respond(TextFrame.java:139)
	at org.glassfish.tyrus.core.ProtocolHandler.process(ProtocolHandler.java:807)
	at org.glassfish.tyrus.client.TyrusClientEngine$TyrusReadHandler.handle(TyrusClientEngine.java:747)
	at org.glassfish.tyrus.container.grizzly.client.GrizzlyClientFilter$ProcessTask.execute(GrizzlyClientFilter.java:476)
	at org.glassfish.tyrus.container.grizzly.client.TaskProcessor.processTask(TaskProcessor.java:114)
	at org.glassfish.tyrus.container.grizzly.client.TaskProcessor.processTask(TaskProcessor.java:91)
	at org.glassfish.tyrus.container.grizzly.client.GrizzlyClientFilter.handleRead(GrizzlyClientFilter.java:272)
	at org.glassfish.grizzly.filterchain.ExecutorResolver$9.execute(ExecutorResolver.java:119)
	at org.glassfish.grizzly.filterchain.DefaultFilterChain.executeFilter(DefaultFilterChain.java:283)
	at org.glassfish.grizzly.filterchain.DefaultFilterChain.executeChainPart(DefaultFilterChain.java:200)
	at org.glassfish.grizzly.filterchain.DefaultFilterChain.execute(DefaultFilterChain.java:132)
	at org.glassfish.grizzly.filterchain.DefaultFilterChain.process(DefaultFilterChain.java:111)
	at org.glassfish.grizzly.ProcessorExecutor.execute(ProcessorExecutor.java:77)
	at org.glassfish.grizzly.nio.transport.TCPNIOTransport.fireIOEvent(TCPNIOTransport.java:536)
	at org.glassfish.grizzly.strategies.AbstractIOStrategy.fireIOEvent(AbstractIOStrategy.java:112)
	at org.glassfish.grizzly.strategies.WorkerThreadIOStrategy.run0(WorkerThreadIOStrategy.java:117)
	at org.glassfish.grizzly.strategies.WorkerThreadIOStrategy.access$100(WorkerThreadIOStrategy.java:56)
	at org.glassfish.grizzly.strategies.WorkerThreadIOStrategy$WorkerThreadRunnable.run(WorkerThreadIOStrategy.java:137)
	at org.glassfish.grizzly.threadpool.AbstractThreadPool$Worker.doWork(AbstractThreadPool.java:591)
	at org.glassfish.grizzly.threadpool.AbstractThreadPool$Worker.run(AbstractThreadPool.java:571)
	at java.lang.Thread.run(Thread.java:745)
